initialize
true
null
testMethod
true
null
testfailed
false
java.lang.reflect.InvocationTargetException
	at sun.reflect.NativeMethodAccessorImpl.invoke0(Native Method)
	at sun.reflect.NativeMethodAccessorImpl.invoke(NativeMethodAccessorImpl.java:62)
	at sun.reflect.DelegatingMethodAccessorImpl.invoke(DelegatingMethodAccessorImpl.java:43)
	at java.lang.reflect.Method.invoke(Method.java:498)
	at reflection.ClassTestReflection.methodTest(ClassTestReflection.java:121)
	at ir.rosa.biz.ClientHandeler.run(ClientHandeler.java:117)
Caused by: java.lang.AssertionError: true expected:<3> but was:<4>
	at org.junit.Assert.fail(Assert.java:89)
	at org.junit.Assert.failNotEquals(Assert.java:835)
	at org.junit.Assert.assertEquals(Assert.java:647)
	at ir.rosa.test.UnitTest.testfailed(UnitTest.java:66)
	... 6 more

testfailed2
false
java.lang.reflect.InvocationTargetException
	at sun.reflect.NativeMethodAccessorImpl.invoke0(Native Method)
	at sun.reflect.NativeMethodAccessorImpl.invoke(NativeMethodAccessorImpl.java:62)
	at sun.reflect.DelegatingMethodAccessorImpl.invoke(DelegatingMethodAccessorImpl.java:43)
	at java.lang.reflect.Method.invoke(Method.java:498)
	at reflection.ClassTestReflection.methodTest(ClassTestReflection.java:121)
	at ir.rosa.biz.ClientHandeler.run(ClientHandeler.java:117)
Caused by: java.lang.AssertionError: true expected:<3> but was:<4>
	at org.junit.Assert.fail(Assert.java:89)
	at org.junit.Assert.failNotEquals(Assert.java:835)
	at org.junit.Assert.assertEquals(Assert.java:647)
	at ir.rosa.test.UnitTest.testfailed(UnitTest.java:66)
	... 6 more
java.lang.reflect.InvocationTargetException
	at sun.reflect.NativeMethodAccessorImpl.invoke0(Native Method)
	at sun.reflect.NativeMethodAccessorImpl.invoke(NativeMethodAccessorImpl.java:62)
	at sun.reflect.DelegatingMethodAccessorImpl.invoke(DelegatingMethodAccessorImpl.java:43)
	at java.lang.reflect.Method.invoke(Method.java:498)
	at reflection.ClassTestReflection.methodTest(ClassTestReflection.java:121)
	at ir.rosa.biz.ClientHandeler.run(ClientHandeler.java:117)
Caused by: java.lang.AssertionError
	at org.junit.Assert.fail(Assert.java:87)
	at org.junit.Assert.assertTrue(Assert.java:42)
	at org.junit.Assert.assertTrue(Assert.java:53)
	at ir.rosa.test.UnitTest.testfailed2(UnitTest.java:77)
	... 6 more

